2025-04-22 19:24:16,631 - __main__ - WARNING - Coluna MARÇO não encontrada no ano 2001
2025-04-22 19:24:16,812 - __main__ - WARNING - Coluna MARÇO não encontrada no ano 2002
2025-04-22 19:24:16,940 - __main__ - WARNING - Coluna MARÇO não encontrada no ano 2003
2025-04-22 19:24:17,085 - __main__ - WARNING - Coluna MARÇO não encontrada no ano 2004
2025-04-22 19:24:17,238 - __main__ - WARNING - Coluna MARÇO não encontrada no ano 2005
2025-04-22 19:24:17,472 - __main__ - WARNING - Coluna MARÇO não encontrada no ano 2006
2025-04-22 19:24:17,696 - __main__ - WARNING - Coluna MARÇO não encontrada no ano 2007
2025-04-22 19:24:18,032 - __main__ - WARNING - Coluna MARÇO não encontrada no ano 2008
2025-04-22 19:24:18,147 - __main__ - WARNING - Coluna MARÇO não encontrada no ano 2009
2025-04-22 19:24:18,305 - __main__ - WARNING - Coluna MARÇO não encontrada no ano 2010
2025-04-22 19:24:18,484 - __main__ - WARNING - Coluna MARÇO não encontrada no ano 2011
2025-04-22 19:24:18,667 - __main__ - WARNING - Coluna MARÇO não encontrada no ano 2012
2025-04-22 19:24:18,871 - __main__ - WARNING - Coluna MARÇO não encontrada no ano 2013
2025-04-22 19:24:19,079 - __main__ - WARNING - Coluna MARÇO não encontrada no ano 2014
2025-04-22 19:24:19,207 - __main__ - WARNING - Coluna MARÇO não encontrada no ano 2015
2025-04-22 19:24:19,376 - __main__ - WARNING - Coluna MARÇO não encontrada no ano 2016
2025-04-22 19:24:19,561 - __main__ - WARNING - Coluna MARÇO não encontrada no ano 2017
2025-04-22 19:24:19,735 - __main__ - WARNING - Coluna MARÇO não encontrada no ano 2018
2025-04-22 19:24:19,905 - __main__ - WARNING - Coluna MARÇO não encontrada no ano 2019
2025-04-22 19:24:20,084 - __main__ - WARNING - Coluna MARÇO não encontrada no ano 2020
2025-04-22 19:24:20,250 - __main__ - WARNING - Coluna MARÇO não encontrada no ano 2021
2025-04-22 19:24:20,412 - __main__ - WARNING - Coluna MARÇO não encontrada no ano 2022
2025-04-22 19:24:20,560 - __main__ - WARNING - Coluna MARÇO não encontrada no ano 2023
2025-04-22 19:24:20,598 - __main__ - INFO - Dados carregados com sucesso. Total de registros: 5213
2025-04-22 19:24:20,598 - __main__ - INFO - Anos com problemas: Nenhum
2025-04-22 19:24:20,599 - __main__ - INFO - Função load_and_process_data executada em 4.67 segundos
2025-04-22 19:24:20,611 - dash.dash - INFO - Dash is running on http://0.0.0.0:8050/

2025-04-22 19:24:26,506 - __main__ - WARNING - Coluna MARÇO não encontrada no ano 2001
2025-04-22 19:24:26,685 - __main__ - WARNING - Coluna MARÇO não encontrada no ano 2002
2025-04-22 19:24:26,846 - __main__ - WARNING - Coluna MARÇO não encontrada no ano 2003
2025-04-22 19:24:27,023 - __main__ - WARNING - Coluna MARÇO não encontrada no ano 2004
2025-04-22 19:24:27,241 - __main__ - WARNING - Coluna MARÇO não encontrada no ano 2005
2025-04-22 19:24:27,424 - __main__ - WARNING - Coluna MARÇO não encontrada no ano 2006
2025-04-22 19:24:27,640 - __main__ - WARNING - Coluna MARÇO não encontrada no ano 2007
2025-04-22 19:24:27,966 - __main__ - WARNING - Coluna MARÇO não encontrada no ano 2008
2025-04-22 19:24:28,140 - __main__ - WARNING - Coluna MARÇO não encontrada no ano 2009
2025-04-22 19:24:28,317 - __main__ - WARNING - Coluna MARÇO não encontrada no ano 2010
2025-04-22 19:24:28,484 - __main__ - WARNING - Coluna MARÇO não encontrada no ano 2011
2025-04-22 19:24:28,653 - __main__ - WARNING - Coluna MARÇO não encontrada no ano 2012
2025-04-22 19:24:28,803 - __main__ - WARNING - Coluna MARÇO não encontrada no ano 2013
2025-04-22 19:24:28,968 - __main__ - WARNING - Coluna MARÇO não encontrada no ano 2014
2025-04-22 19:24:29,140 - __main__ - WARNING - Coluna MARÇO não encontrada no ano 2015
2025-04-22 19:24:29,341 - __main__ - WARNING - Coluna MARÇO não encontrada no ano 2016
2025-04-22 19:24:29,508 - __main__ - WARNING - Coluna MARÇO não encontrada no ano 2017
2025-04-22 19:24:29,669 - __main__ - WARNING - Coluna MARÇO não encontrada no ano 2018
2025-04-22 19:24:29,852 - __main__ - WARNING - Coluna MARÇO não encontrada no ano 2019
2025-04-22 19:24:30,037 - __main__ - WARNING - Coluna MARÇO não encontrada no ano 2020
2025-04-22 19:24:30,205 - __main__ - WARNING - Coluna MARÇO não encontrada no ano 2021
2025-04-22 19:24:30,387 - __main__ - WARNING - Coluna MARÇO não encontrada no ano 2022
2025-04-22 19:24:30,557 - __main__ - WARNING - Coluna MARÇO não encontrada no ano 2023
2025-04-22 19:24:30,590 - __main__ - INFO - Dados carregados com sucesso. Total de registros: 5213
2025-04-22 19:24:30,590 - __main__ - INFO - Anos com problemas: Nenhum
2025-04-22 19:24:30,591 - __main__ - INFO - Função load_and_process_data executada em 4.49 segundos
2025-04-22 19:28:10,422 - __main__ - WARNING - Coluna MARÇO não encontrada no ano 2001
2025-04-22 19:28:10,551 - __main__ - WARNING - Coluna MARÇO não encontrada no ano 2002
2025-04-22 19:28:10,672 - __main__ - WARNING - Coluna MARÇO não encontrada no ano 2003
2025-04-22 19:28:10,785 - __main__ - WARNING - Coluna MARÇO não encontrada no ano 2004
2025-04-22 19:28:10,907 - __main__ - WARNING - Coluna MARÇO não encontrada no ano 2005
2025-04-22 19:28:11,019 - __main__ - WARNING - Coluna MARÇO não encontrada no ano 2006
2025-04-22 19:28:11,149 - __main__ - WARNING - Coluna MARÇO não encontrada no ano 2007
2025-04-22 19:28:11,375 - __main__ - WARNING - Coluna MARÇO não encontrada no ano 2008
2025-04-22 19:28:11,499 - __main__ - WARNING - Coluna MARÇO não encontrada no ano 2009
2025-04-22 19:28:11,625 - __main__ - WARNING - Coluna MARÇO não encontrada no ano 2010
2025-04-22 19:28:11,755 - __main__ - WARNING - Coluna MARÇO não encontrada no ano 2011
2025-04-22 19:28:11,880 - __main__ - WARNING - Coluna MARÇO não encontrada no ano 2012
2025-04-22 19:28:12,012 - __main__ - WARNING - Coluna MARÇO não encontrada no ano 2013
2025-04-22 19:28:12,155 - __main__ - WARNING - Coluna MARÇO não encontrada no ano 2014
2025-04-22 19:28:12,295 - __main__ - WARNING - Coluna MARÇO não encontrada no ano 2015
2025-04-22 19:28:12,440 - __main__ - WARNING - Coluna MARÇO não encontrada no ano 2016
2025-04-22 19:28:12,596 - __main__ - WARNING - Coluna MARÇO não encontrada no ano 2017
2025-04-22 19:28:12,792 - __main__ - WARNING - Coluna MARÇO não encontrada no ano 2018
2025-04-22 19:28:13,011 - __main__ - WARNING - Coluna MARÇO não encontrada no ano 2019
2025-04-22 19:28:13,304 - __main__ - WARNING - Coluna MARÇO não encontrada no ano 2020
2025-04-22 19:28:13,495 - __main__ - WARNING - Coluna MARÇO não encontrada no ano 2021
2025-04-22 19:28:13,670 - __main__ - WARNING - Coluna MARÇO não encontrada no ano 2022
2025-04-22 19:28:13,841 - __main__ - WARNING - Coluna MARÇO não encontrada no ano 2023
2025-04-22 19:28:13,889 - __main__ - INFO - Dados carregados com sucesso. Total de registros: 5213
2025-04-22 19:28:13,889 - __main__ - INFO - Anos com problemas: Nenhum
2025-04-22 19:28:13,890 - __main__ - INFO - Função load_and_process_data executada em 3.79 segundos
2025-04-22 19:28:13,912 - dash.dash - INFO - Dash is running on http://127.0.0.1:8050/

2025-04-22 19:28:20,725 - __main__ - WARNING - Coluna MARÇO não encontrada no ano 2001
2025-04-22 19:28:20,885 - __main__ - WARNING - Coluna MARÇO não encontrada no ano 2002
2025-04-22 19:28:21,066 - __main__ - WARNING - Coluna MARÇO não encontrada no ano 2003
2025-04-22 19:28:21,252 - __main__ - WARNING - Coluna MARÇO não encontrada no ano 2004
2025-04-22 19:28:21,425 - __main__ - WARNING - Coluna MARÇO não encontrada no ano 2005
2025-04-22 19:28:21,591 - __main__ - WARNING - Coluna MARÇO não encontrada no ano 2006
2025-04-22 19:28:21,773 - __main__ - WARNING - Coluna MARÇO não encontrada no ano 2007
2025-04-22 19:28:23,478 - __main__ - WARNING - Coluna MARÇO não encontrada no ano 2008
2025-04-22 19:28:23,786 - __main__ - WARNING - Coluna MARÇO não encontrada no ano 2009
2025-04-22 19:28:24,163 - __main__ - WARNING - Coluna MARÇO não encontrada no ano 2010
2025-04-22 19:28:24,338 - __main__ - WARNING - Coluna MARÇO não encontrada no ano 2011
2025-04-22 19:28:24,543 - __main__ - WARNING - Coluna MARÇO não encontrada no ano 2012
2025-04-22 19:28:24,790 - __main__ - WARNING - Coluna MARÇO não encontrada no ano 2013
2025-04-22 19:28:25,121 - __main__ - WARNING - Coluna MARÇO não encontrada no ano 2014
2025-04-22 19:28:26,287 - __main__ - WARNING - Coluna MARÇO não encontrada no ano 2015
2025-04-22 19:28:27,620 - __main__ - WARNING - Coluna MARÇO não encontrada no ano 2016
2025-04-22 19:28:27,902 - __main__ - WARNING - Coluna MARÇO não encontrada no ano 2017
2025-04-22 19:28:28,138 - __main__ - WARNING - Coluna MARÇO não encontrada no ano 2018
2025-04-22 19:28:28,393 - __main__ - WARNING - Coluna MARÇO não encontrada no ano 2019
2025-04-22 19:28:28,644 - __main__ - WARNING - Coluna MARÇO não encontrada no ano 2020
2025-04-22 19:28:28,893 - __main__ - WARNING - Coluna MARÇO não encontrada no ano 2021
2025-04-22 19:28:29,202 - __main__ - WARNING - Coluna MARÇO não encontrada no ano 2022
2025-04-22 19:28:29,490 - __main__ - WARNING - Coluna MARÇO não encontrada no ano 2023
2025-04-22 19:28:29,531 - __main__ - INFO - Dados carregados com sucesso. Total de registros: 5213
2025-04-22 19:28:29,532 - __main__ - INFO - Anos com problemas: Nenhum
2025-04-22 19:28:29,533 - __main__ - INFO - Função load_and_process_data executada em 9.27 segundos
2025-04-22 19:28:35,048 - __main__ - ERROR - Erro na função comparar_periodos: Cada período deve ter pelo menos 3 pontos de dados
Traceback (most recent call last):
  File "C:\Users\carlo\PycharmProjects\dashing\main.py", line 68, in wrapper
    return func(*args, **kwargs)
  File "C:\Users\carlo\PycharmProjects\dashing\main.py", line 283, in comparar_periodos
    raise ValueError("Cada período deve ter pelo menos 3 pontos de dados")
ValueError: Cada período deve ter pelo menos 3 pontos de dados
2025-04-22 19:28:35,181 - __main__ - WARNING - Série contém 167 valores faltantes - preenchendo com interpolação linear
2025-04-22 19:28:35,271 - __main__ - ERROR - Erro na função testar_estacionaridade: zero-size array to reduction operation maximum which has no identity
Traceback (most recent call last):
  File "C:\Users\carlo\PycharmProjects\dashing\main.py", line 68, in wrapper
    return func(*args, **kwargs)
  File "C:\Users\carlo\PycharmProjects\dashing\main.py", line 348, in testar_estacionaridade
    resultado_adf = adfuller(serie.dropna(), autolag='AIC')
  File "C:\Users\carlo\AppData\Local\Packages\PythonSoftwareFoundation.Python.3.13_qbz5n2kfra8p0\LocalCache\local-packages\Python313\site-packages\statsmodels\tsa\stattools.py", line 274, in adfuller
    if x.max() == x.min():
       ~~~~~^^
  File "C:\Users\carlo\AppData\Local\Packages\PythonSoftwareFoundation.Python.3.13_qbz5n2kfra8p0\LocalCache\local-packages\Python313\site-packages\numpy\_core\_methods.py", line 44, in _amax
    return umr_maximum(a, axis, None, out, keepdims, initial, where)
ValueError: zero-size array to reduction operation maximum which has no identity
2025-04-22 19:28:35,406 - __main__ - ERROR - Erro na análise de estacionaridade: zero-size array to reduction operation maximum which has no identity
Traceback (most recent call last):
  File "C:\Users\carlo\PycharmProjects\dashing\main.py", line 1166, in atualizar_analise_estacionaridade
    raise ValueError(resultados['error'])
ValueError: zero-size array to reduction operation maximum which has no identity
2025-04-22 19:28:35,982 - __main__ - ERROR - Erro na função analisar_clusters: Número de crimes (1) menor que número de clusters (3)
Traceback (most recent call last):
  File "C:\Users\carlo\PycharmProjects\dashing\main.py", line 68, in wrapper
    return func(*args, **kwargs)
  File "C:\Users\carlo\PycharmProjects\dashing\main.py", line 428, in analisar_clusters
    raise ValueError(f"Número de crimes ({len(crimes_pivot)}) menor que número de clusters ({n_clusters})")
ValueError: Número de crimes (1) menor que número de clusters (3)
2025-04-22 19:28:35,986 - __main__ - ERROR - Erro na análise de clusters: Número de crimes (1) menor que número de clusters (3)
Traceback (most recent call last):
  File "C:\Users\carlo\PycharmProjects\dashing\main.py", line 1396, in atualizar_clusters
    raise ValueError(resultados['error'])
ValueError: Número de crimes (1) menor que número de clusters (3)
2025-04-22 19:28:40,949 - __main__ - WARNING - Série contém 167 valores faltantes - preenchendo com interpolação linear
2025-04-22 19:28:40,950 - __main__ - ERROR - Erro na função decompor_serie: Erro na decomposição sazonal: This function does not handle missing values
Traceback (most recent call last):
  File "C:\Users\carlo\PycharmProjects\dashing\main.py", line 232, in decompor_serie
    decomposition = seasonal_decompose(serie, model='additive', period=period)
  File "C:\Users\carlo\AppData\Local\Packages\PythonSoftwareFoundation.Python.3.13_qbz5n2kfra8p0\LocalCache\local-packages\Python313\site-packages\statsmodels\tsa\seasonal.py", line 154, in seasonal_decompose
    raise ValueError("This function does not handle missing values")
ValueError: This function does not handle missing values

During handling of the above exception, another exception occurred:

Traceback (most recent call last):
  File "C:\Users\carlo\PycharmProjects\dashing\main.py", line 68, in wrapper
    return func(*args, **kwargs)
  File "C:\Users\carlo\PycharmProjects\dashing\main.py", line 241, in decompor_serie
    raise ValueError(f"Erro na decomposição sazonal: {str(e)}")
ValueError: Erro na decomposição sazonal: This function does not handle missing values
2025-04-22 19:29:28,259 - __main__ - ERROR - Erro na função comparar_periodos: Cada período deve ter pelo menos 3 pontos de dados
Traceback (most recent call last):
  File "C:\Users\carlo\PycharmProjects\dashing\main.py", line 68, in wrapper
    return func(*args, **kwargs)
  File "C:\Users\carlo\PycharmProjects\dashing\main.py", line 283, in comparar_periodos
    raise ValueError("Cada período deve ter pelo menos 3 pontos de dados")
ValueError: Cada período deve ter pelo menos 3 pontos de dados
2025-04-22 19:29:32,036 - __main__ - ERROR - Erro na função comparar_periodos: Cada período deve ter pelo menos 3 pontos de dados
Traceback (most recent call last):
  File "C:\Users\carlo\PycharmProjects\dashing\main.py", line 68, in wrapper
    return func(*args, **kwargs)
  File "C:\Users\carlo\PycharmProjects\dashing\main.py", line 283, in comparar_periodos
    raise ValueError("Cada período deve ter pelo menos 3 pontos de dados")
ValueError: Cada período deve ter pelo menos 3 pontos de dados
2025-04-22 19:29:36,169 - __main__ - WARNING - Série contém 275 valores faltantes - preenchendo com interpolação linear
2025-04-22 19:29:36,169 - __main__ - ERROR - Erro na função decompor_serie: Erro na decomposição sazonal: This function does not handle missing values
Traceback (most recent call last):
  File "C:\Users\carlo\PycharmProjects\dashing\main.py", line 232, in decompor_serie
    decomposition = seasonal_decompose(serie, model='additive', period=period)
  File "C:\Users\carlo\AppData\Local\Packages\PythonSoftwareFoundation.Python.3.13_qbz5n2kfra8p0\LocalCache\local-packages\Python313\site-packages\statsmodels\tsa\seasonal.py", line 154, in seasonal_decompose
    raise ValueError("This function does not handle missing values")
ValueError: This function does not handle missing values

During handling of the above exception, another exception occurred:

Traceback (most recent call last):
  File "C:\Users\carlo\PycharmProjects\dashing\main.py", line 68, in wrapper
    return func(*args, **kwargs)
  File "C:\Users\carlo\PycharmProjects\dashing\main.py", line 241, in decompor_serie
    raise ValueError(f"Erro na decomposição sazonal: {str(e)}")
ValueError: Erro na decomposição sazonal: This function does not handle missing values
2025-04-22 19:29:36,183 - __main__ - ERROR - Erro na função testar_estacionaridade: zero-size array to reduction operation maximum which has no identity
Traceback (most recent call last):
  File "C:\Users\carlo\PycharmProjects\dashing\main.py", line 68, in wrapper
    return func(*args, **kwargs)
  File "C:\Users\carlo\PycharmProjects\dashing\main.py", line 348, in testar_estacionaridade
    resultado_adf = adfuller(serie.dropna(), autolag='AIC')
  File "C:\Users\carlo\AppData\Local\Packages\PythonSoftwareFoundation.Python.3.13_qbz5n2kfra8p0\LocalCache\local-packages\Python313\site-packages\statsmodels\tsa\stattools.py", line 274, in adfuller
    if x.max() == x.min():
       ~~~~~^^
  File "C:\Users\carlo\AppData\Local\Packages\PythonSoftwareFoundation.Python.3.13_qbz5n2kfra8p0\LocalCache\local-packages\Python313\site-packages\numpy\_core\_methods.py", line 44, in _amax
    return umr_maximum(a, axis, None, out, keepdims, initial, where)
ValueError: zero-size array to reduction operation maximum which has no identity
2025-04-22 19:29:36,204 - __main__ - WARNING - Série contém 275 valores faltantes - preenchendo com interpolação linear
2025-04-22 19:29:36,278 - __main__ - ERROR - Erro na análise de estacionaridade: zero-size array to reduction operation maximum which has no identity
Traceback (most recent call last):
  File "C:\Users\carlo\PycharmProjects\dashing\main.py", line 1166, in atualizar_analise_estacionaridade
    raise ValueError(resultados['error'])
ValueError: zero-size array to reduction operation maximum which has no identity
2025-04-22 19:29:36,364 - __main__ - ERROR - Erro na função analisar_clusters: Número de crimes (1) menor que número de clusters (3)
Traceback (most recent call last):
  File "C:\Users\carlo\PycharmProjects\dashing\main.py", line 68, in wrapper
    return func(*args, **kwargs)
  File "C:\Users\carlo\PycharmProjects\dashing\main.py", line 428, in analisar_clusters
    raise ValueError(f"Número de crimes ({len(crimes_pivot)}) menor que número de clusters ({n_clusters})")
ValueError: Número de crimes (1) menor que número de clusters (3)
2025-04-22 19:29:36,468 - __main__ - ERROR - Erro na análise de clusters: Número de crimes (1) menor que número de clusters (3)
Traceback (most recent call last):
  File "C:\Users\carlo\PycharmProjects\dashing\main.py", line 1396, in atualizar_clusters
    raise ValueError(resultados['error'])
ValueError: Número de crimes (1) menor que número de clusters (3)
2025-04-22 19:31:03,436 - __main__ - WARNING - Série contém 275 valores faltantes - preenchendo com interpolação linear
2025-04-22 19:31:03,466 - __main__ - ERROR - Erro na função decompor_serie: Erro na decomposição sazonal: This function does not handle missing values
Traceback (most recent call last):
  File "C:\Users\carlo\PycharmProjects\dashing\main.py", line 232, in decompor_serie
    decomposition = seasonal_decompose(serie, model='additive', period=period)
  File "C:\Users\carlo\AppData\Local\Packages\PythonSoftwareFoundation.Python.3.13_qbz5n2kfra8p0\LocalCache\local-packages\Python313\site-packages\statsmodels\tsa\seasonal.py", line 154, in seasonal_decompose
    raise ValueError("This function does not handle missing values")
ValueError: This function does not handle missing values

During handling of the above exception, another exception occurred:

Traceback (most recent call last):
  File "C:\Users\carlo\PycharmProjects\dashing\main.py", line 68, in wrapper
    return func(*args, **kwargs)
  File "C:\Users\carlo\PycharmProjects\dashing\main.py", line 241, in decompor_serie
    raise ValueError(f"Erro na decomposição sazonal: {str(e)}")
ValueError: Erro na decomposição sazonal: This function does not handle missing values
2025-04-22 19:31:03,479 - __main__ - WARNING - Série contém 275 valores faltantes - preenchendo com interpolação linear
2025-04-22 19:31:03,505 - __main__ - ERROR - Erro na função testar_estacionaridade: zero-size array to reduction operation maximum which has no identity
Traceback (most recent call last):
  File "C:\Users\carlo\PycharmProjects\dashing\main.py", line 68, in wrapper
    return func(*args, **kwargs)
  File "C:\Users\carlo\PycharmProjects\dashing\main.py", line 348, in testar_estacionaridade
    resultado_adf = adfuller(serie.dropna(), autolag='AIC')
  File "C:\Users\carlo\AppData\Local\Packages\PythonSoftwareFoundation.Python.3.13_qbz5n2kfra8p0\LocalCache\local-packages\Python313\site-packages\statsmodels\tsa\stattools.py", line 274, in adfuller
    if x.max() == x.min():
       ~~~~~^^
  File "C:\Users\carlo\AppData\Local\Packages\PythonSoftwareFoundation.Python.3.13_qbz5n2kfra8p0\LocalCache\local-packages\Python313\site-packages\numpy\_core\_methods.py", line 44, in _amax
    return umr_maximum(a, axis, None, out, keepdims, initial, where)
ValueError: zero-size array to reduction operation maximum which has no identity
2025-04-22 19:31:03,572 - __main__ - ERROR - Erro na análise de estacionaridade: zero-size array to reduction operation maximum which has no identity
Traceback (most recent call last):
  File "C:\Users\carlo\PycharmProjects\dashing\main.py", line 1166, in atualizar_analise_estacionaridade
    raise ValueError(resultados['error'])
ValueError: zero-size array to reduction operation maximum which has no identity
2025-04-22 19:31:03,653 - __main__ - ERROR - Erro na função analisar_clusters: Número de crimes (1) menor que número de clusters (3)
Traceback (most recent call last):
  File "C:\Users\carlo\PycharmProjects\dashing\main.py", line 68, in wrapper
    return func(*args, **kwargs)
  File "C:\Users\carlo\PycharmProjects\dashing\main.py", line 428, in analisar_clusters
    raise ValueError(f"Número de crimes ({len(crimes_pivot)}) menor que número de clusters ({n_clusters})")
ValueError: Número de crimes (1) menor que número de clusters (3)
2025-04-22 19:31:03,678 - __main__ - ERROR - Erro na análise de clusters: Número de crimes (1) menor que número de clusters (3)
Traceback (most recent call last):
  File "C:\Users\carlo\PycharmProjects\dashing\main.py", line 1396, in atualizar_clusters
    raise ValueError(resultados['error'])
ValueError: Número de crimes (1) menor que número de clusters (3)
2025-04-22 19:33:12,632 - __main__ - WARNING - Série contém 275 valores faltantes - preenchendo com interpolação linear
2025-04-22 19:33:12,635 - __main__ - ERROR - Erro na função decompor_serie: Erro na decomposição sazonal: This function does not handle missing values
Traceback (most recent call last):
  File "C:\Users\carlo\PycharmProjects\dashing\main.py", line 232, in decompor_serie
    decomposition = seasonal_decompose(serie, model='additive', period=period)
  File "C:\Users\carlo\AppData\Local\Packages\PythonSoftwareFoundation.Python.3.13_qbz5n2kfra8p0\LocalCache\local-packages\Python313\site-packages\statsmodels\tsa\seasonal.py", line 154, in seasonal_decompose
    raise ValueError("This function does not handle missing values")
ValueError: This function does not handle missing values

During handling of the above exception, another exception occurred:

Traceback (most recent call last):
  File "C:\Users\carlo\PycharmProjects\dashing\main.py", line 68, in wrapper
    return func(*args, **kwargs)
  File "C:\Users\carlo\PycharmProjects\dashing\main.py", line 241, in decompor_serie
    raise ValueError(f"Erro na decomposição sazonal: {str(e)}")
ValueError: Erro na decomposição sazonal: This function does not handle missing values
2025-04-22 19:33:12,643 - __main__ - WARNING - Série contém 275 valores faltantes - preenchendo com interpolação linear
2025-04-22 19:33:12,656 - __main__ - ERROR - Erro na função testar_estacionaridade: zero-size array to reduction operation maximum which has no identity
Traceback (most recent call last):
  File "C:\Users\carlo\PycharmProjects\dashing\main.py", line 68, in wrapper
    return func(*args, **kwargs)
  File "C:\Users\carlo\PycharmProjects\dashing\main.py", line 348, in testar_estacionaridade
    resultado_adf = adfuller(serie.dropna(), autolag='AIC')
  File "C:\Users\carlo\AppData\Local\Packages\PythonSoftwareFoundation.Python.3.13_qbz5n2kfra8p0\LocalCache\local-packages\Python313\site-packages\statsmodels\tsa\stattools.py", line 274, in adfuller
    if x.max() == x.min():
       ~~~~~^^
  File "C:\Users\carlo\AppData\Local\Packages\PythonSoftwareFoundation.Python.3.13_qbz5n2kfra8p0\LocalCache\local-packages\Python313\site-packages\numpy\_core\_methods.py", line 44, in _amax
    return umr_maximum(a, axis, None, out, keepdims, initial, where)
ValueError: zero-size array to reduction operation maximum which has no identity
2025-04-22 19:33:12,783 - __main__ - ERROR - Erro na função analisar_clusters: Número de crimes (1) menor que número de clusters (3)
Traceback (most recent call last):
  File "C:\Users\carlo\PycharmProjects\dashing\main.py", line 68, in wrapper
    return func(*args, **kwargs)
  File "C:\Users\carlo\PycharmProjects\dashing\main.py", line 428, in analisar_clusters
    raise ValueError(f"Número de crimes ({len(crimes_pivot)}) menor que número de clusters ({n_clusters})")
ValueError: Número de crimes (1) menor que número de clusters (3)
2025-04-22 19:33:12,807 - __main__ - ERROR - Erro na análise de estacionaridade: zero-size array to reduction operation maximum which has no identity
Traceback (most recent call last):
  File "C:\Users\carlo\PycharmProjects\dashing\main.py", line 1166, in atualizar_analise_estacionaridade
    raise ValueError(resultados['error'])
ValueError: zero-size array to reduction operation maximum which has no identity
2025-04-22 19:33:12,868 - __main__ - ERROR - Erro na análise de clusters: Número de crimes (1) menor que número de clusters (3)
Traceback (most recent call last):
  File "C:\Users\carlo\PycharmProjects\dashing\main.py", line 1396, in atualizar_clusters
    raise ValueError(resultados['error'])
ValueError: Número de crimes (1) menor que número de clusters (3)
2025-04-22 19:40:58,718 - __main__ - WARNING - Coluna MARÇO não encontrada no ano 2001
2025-04-22 19:40:58,802 - __main__ - WARNING - Coluna MARÇO não encontrada no ano 2002
2025-04-22 19:40:58,883 - __main__ - WARNING - Coluna MARÇO não encontrada no ano 2003
2025-04-22 19:40:59,122 - __main__ - WARNING - Coluna MARÇO não encontrada no ano 2004
2025-04-22 19:40:59,456 - __main__ - WARNING - Coluna MARÇO não encontrada no ano 2005
2025-04-22 19:40:59,746 - __main__ - WARNING - Coluna MARÇO não encontrada no ano 2006
2025-04-22 19:40:59,937 - __main__ - WARNING - Coluna MARÇO não encontrada no ano 2007
2025-04-22 19:41:00,278 - __main__ - WARNING - Coluna MARÇO não encontrada no ano 2008
2025-04-22 19:41:00,415 - __main__ - WARNING - Coluna MARÇO não encontrada no ano 2009
2025-04-22 19:41:00,526 - __main__ - WARNING - Coluna MARÇO não encontrada no ano 2010
2025-04-22 19:41:00,604 - __main__ - WARNING - Coluna MARÇO não encontrada no ano 2011
2025-04-22 19:41:00,676 - __main__ - WARNING - Coluna MARÇO não encontrada no ano 2012
2025-04-22 19:41:00,749 - __main__ - WARNING - Coluna MARÇO não encontrada no ano 2013
2025-04-22 19:41:00,876 - __main__ - WARNING - Coluna MARÇO não encontrada no ano 2014
2025-04-22 19:41:01,042 - __main__ - WARNING - Coluna MARÇO não encontrada no ano 2015
2025-04-22 19:41:01,163 - __main__ - WARNING - Coluna MARÇO não encontrada no ano 2016
2025-04-22 19:41:01,260 - __main__ - WARNING - Coluna MARÇO não encontrada no ano 2017
2025-04-22 19:41:01,442 - __main__ - WARNING - Coluna MARÇO não encontrada no ano 2018
2025-04-22 19:41:01,576 - __main__ - WARNING - Coluna MARÇO não encontrada no ano 2019
2025-04-22 19:41:01,656 - __main__ - WARNING - Coluna MARÇO não encontrada no ano 2020
2025-04-22 19:41:01,813 - __main__ - WARNING - Coluna MARÇO não encontrada no ano 2021
2025-04-22 19:41:01,920 - __main__ - WARNING - Coluna MARÇO não encontrada no ano 2022
2025-04-22 19:41:02,014 - __main__ - WARNING - Coluna MARÇO não encontrada no ano 2023
2025-04-22 19:41:02,032 - __main__ - INFO - Dados carregados com sucesso. Total de registros: 5213
2025-04-22 19:41:02,032 - __main__ - INFO - Anos com problemas: Nenhum
2025-04-22 19:41:02,032 - __main__ - INFO - Função load_and_process_data executada em 3.51 segundos
2025-04-22 19:41:04,372 - __main__ - ERROR - Erro na função comparar_periodos: Cada período deve ter pelo menos 3 pontos de dados
Traceback (most recent call last):
  File "C:\Users\carlo\PycharmProjects\dashing\main.py", line 68, in wrapper
    return func(*args, **kwargs)
  File "C:\Users\carlo\PycharmProjects\dashing\main.py", line 283, in comparar_periodos
    raise ValueError("Cada período deve ter pelo menos 3 pontos de dados")
ValueError: Cada período deve ter pelo menos 3 pontos de dados
2025-04-22 19:41:04,459 - __main__ - WARNING - Série contém 167 valores faltantes - preenchendo com interpolação linear
2025-04-22 19:41:04,629 - __main__ - WARNING - Série contém 167 valores faltantes - preenchendo com interpolação linear
2025-04-22 19:41:04,677 - __main__ - ERROR - Erro na análise de estacionaridade: Série não possui variação suficiente para análise (todos valores são iguais)
Traceback (most recent call last):
  File "C:\Users\carlo\PycharmProjects\dashing\main.py", line 1169, in atualizar_analise_estacionaridade
    raise ValueError("Série não possui variação suficiente para análise (todos valores são iguais)")
ValueError: Série não possui variação suficiente para análise (todos valores são iguais)
2025-04-22 19:41:04,782 - __main__ - ERROR - Erro na função analisar_clusters: Número de crimes (1) menor que número de clusters (3)
Traceback (most recent call last):
  File "C:\Users\carlo\PycharmProjects\dashing\main.py", line 68, in wrapper
    return func(*args, **kwargs)
  File "C:\Users\carlo\PycharmProjects\dashing\main.py", line 428, in analisar_clusters
    raise ValueError(f"Número de crimes ({len(crimes_pivot)}) menor que número de clusters ({n_clusters})")
ValueError: Número de crimes (1) menor que número de clusters (3)
2025-04-22 19:41:04,785 - __main__ - ERROR - Erro na análise de clusters: Número de crimes (1) menor que número de clusters (3)
Traceback (most recent call last):
  File "C:\Users\carlo\PycharmProjects\dashing\main.py", line 1408, in atualizar_clusters
    raise ValueError(resultados['error'])
ValueError: Número de crimes (1) menor que número de clusters (3)
2025-04-22 19:41:28,980 - __main__ - WARNING - Coluna MARÇO não encontrada no ano 2001
2025-04-22 19:41:29,044 - __main__ - WARNING - Coluna MARÇO não encontrada no ano 2002
2025-04-22 19:41:29,106 - __main__ - WARNING - Coluna MARÇO não encontrada no ano 2003
2025-04-22 19:41:29,168 - __main__ - WARNING - Coluna MARÇO não encontrada no ano 2004
2025-04-22 19:41:29,233 - __main__ - WARNING - Coluna MARÇO não encontrada no ano 2005
2025-04-22 19:41:29,302 - __main__ - WARNING - Coluna MARÇO não encontrada no ano 2006
2025-04-22 19:41:29,365 - __main__ - WARNING - Coluna MARÇO não encontrada no ano 2007
2025-04-22 19:41:29,520 - __main__ - WARNING - Coluna MARÇO não encontrada no ano 2008
2025-04-22 19:41:29,582 - __main__ - WARNING - Coluna MARÇO não encontrada no ano 2009
2025-04-22 19:41:29,646 - __main__ - WARNING - Coluna MARÇO não encontrada no ano 2010
2025-04-22 19:41:29,707 - __main__ - WARNING - Coluna MARÇO não encontrada no ano 2011
2025-04-22 19:41:29,779 - __main__ - WARNING - Coluna MARÇO não encontrada no ano 2012
2025-04-22 19:41:29,843 - __main__ - WARNING - Coluna MARÇO não encontrada no ano 2013
2025-04-22 19:41:29,910 - __main__ - WARNING - Coluna MARÇO não encontrada no ano 2014
2025-04-22 19:41:29,973 - __main__ - WARNING - Coluna MARÇO não encontrada no ano 2015
2025-04-22 19:41:30,062 - __main__ - WARNING - Coluna MARÇO não encontrada no ano 2016
2025-04-22 19:41:30,125 - __main__ - WARNING - Coluna MARÇO não encontrada no ano 2017
2025-04-22 19:41:30,229 - __main__ - WARNING - Coluna MARÇO não encontrada no ano 2018
2025-04-22 19:41:30,382 - __main__ - WARNING - Coluna MARÇO não encontrada no ano 2019
2025-04-22 19:41:30,485 - __main__ - WARNING - Coluna MARÇO não encontrada no ano 2020
2025-04-22 19:41:30,555 - __main__ - WARNING - Coluna MARÇO não encontrada no ano 2021
2025-04-22 19:41:30,661 - __main__ - WARNING - Coluna MARÇO não encontrada no ano 2022
2025-04-22 19:41:30,739 - __main__ - WARNING - Coluna MARÇO não encontrada no ano 2023
2025-04-22 19:41:30,757 - __main__ - INFO - Dados carregados com sucesso. Total de registros: 5213
2025-04-22 19:41:30,757 - __main__ - INFO - Anos com problemas: Nenhum
2025-04-22 19:41:30,757 - __main__ - INFO - Função load_and_process_data executada em 1.95 segundos
2025-04-22 19:41:30,764 - dash.dash - INFO - Dash is running on http://127.0.0.1:8050/

2025-04-22 19:41:34,808 - __main__ - WARNING - Coluna MARÇO não encontrada no ano 2001
2025-04-22 19:41:34,892 - __main__ - WARNING - Coluna MARÇO não encontrada no ano 2002
2025-04-22 19:41:34,965 - __main__ - WARNING - Coluna MARÇO não encontrada no ano 2003
2025-04-22 19:41:35,057 - __main__ - WARNING - Coluna MARÇO não encontrada no ano 2004
2025-04-22 19:41:35,149 - __main__ - WARNING - Coluna MARÇO não encontrada no ano 2005
2025-04-22 19:41:35,221 - __main__ - WARNING - Coluna MARÇO não encontrada no ano 2006
2025-04-22 19:41:35,313 - __main__ - WARNING - Coluna MARÇO não encontrada no ano 2007
2025-04-22 19:41:35,460 - __main__ - WARNING - Coluna MARÇO não encontrada no ano 2008
2025-04-22 19:41:35,602 - __main__ - WARNING - Coluna MARÇO não encontrada no ano 2009
2025-04-22 19:41:35,723 - __main__ - WARNING - Coluna MARÇO não encontrada no ano 2010
2025-04-22 19:41:35,857 - __main__ - WARNING - Coluna MARÇO não encontrada no ano 2011
2025-04-22 19:41:35,928 - __main__ - WARNING - Coluna MARÇO não encontrada no ano 2012
2025-04-22 19:41:35,998 - __main__ - WARNING - Coluna MARÇO não encontrada no ano 2013
2025-04-22 19:41:36,080 - __main__ - WARNING - Coluna MARÇO não encontrada no ano 2014
2025-04-22 19:41:36,181 - __main__ - WARNING - Coluna MARÇO não encontrada no ano 2015
2025-04-22 19:41:36,252 - __main__ - WARNING - Coluna MARÇO não encontrada no ano 2016
2025-04-22 19:41:36,339 - __main__ - WARNING - Coluna MARÇO não encontrada no ano 2017
2025-04-22 19:41:36,414 - __main__ - WARNING - Coluna MARÇO não encontrada no ano 2018
2025-04-22 19:41:36,492 - __main__ - WARNING - Coluna MARÇO não encontrada no ano 2019
2025-04-22 19:41:36,587 - __main__ - WARNING - Coluna MARÇO não encontrada no ano 2020
2025-04-22 19:41:36,662 - __main__ - WARNING - Coluna MARÇO não encontrada no ano 2021
2025-04-22 19:41:36,773 - __main__ - WARNING - Coluna MARÇO não encontrada no ano 2022
2025-04-22 19:41:36,906 - __main__ - WARNING - Coluna MARÇO não encontrada no ano 2023
2025-04-22 19:41:36,948 - __main__ - INFO - Dados carregados com sucesso. Total de registros: 5213
2025-04-22 19:41:36,948 - __main__ - INFO - Anos com problemas: Nenhum
2025-04-22 19:41:36,949 - __main__ - INFO - Função load_and_process_data executada em 2.36 segundos
2025-04-22 19:41:39,003 - __main__ - ERROR - Erro na função comparar_periodos: Cada período deve ter pelo menos 3 pontos de dados
Traceback (most recent call last):
  File "C:\Users\carlo\PycharmProjects\dashing\main.py", line 68, in wrapper
    return func(*args, **kwargs)
  File "C:\Users\carlo\PycharmProjects\dashing\main.py", line 283, in comparar_periodos
    raise ValueError("Cada período deve ter pelo menos 3 pontos de dados")
ValueError: Cada período deve ter pelo menos 3 pontos de dados
2025-04-22 19:41:39,034 - __main__ - WARNING - Série contém 167 valores faltantes - preenchendo com interpolação linear
2025-04-22 19:41:39,085 - __main__ - WARNING - Série contém 167 valores faltantes - preenchendo com interpolação linear
2025-04-22 19:41:39,086 - __main__ - ERROR - Erro na análise de estacionaridade: Série não possui variação suficiente para análise (todos valores são iguais)
Traceback (most recent call last):
  File "C:\Users\carlo\PycharmProjects\dashing\main.py", line 1169, in atualizar_analise_estacionaridade
    raise ValueError("Série não possui variação suficiente para análise (todos valores são iguais)")
ValueError: Série não possui variação suficiente para análise (todos valores são iguais)
2025-04-22 19:41:39,546 - __main__ - ERROR - Erro na função analisar_clusters: Número de crimes (1) menor que número de clusters (3)
Traceback (most recent call last):
  File "C:\Users\carlo\PycharmProjects\dashing\main.py", line 68, in wrapper
    return func(*args, **kwargs)
  File "C:\Users\carlo\PycharmProjects\dashing\main.py", line 428, in analisar_clusters
    raise ValueError(f"Número de crimes ({len(crimes_pivot)}) menor que número de clusters ({n_clusters})")
ValueError: Número de crimes (1) menor que número de clusters (3)
2025-04-22 19:41:39,548 - __main__ - ERROR - Erro na análise de clusters: Número de crimes (1) menor que número de clusters (3)
Traceback (most recent call last):
  File "C:\Users\carlo\PycharmProjects\dashing\main.py", line 1408, in atualizar_clusters
    raise ValueError(resultados['error'])
ValueError: Número de crimes (1) menor que número de clusters (3)
2025-04-22 19:41:41,302 - __main__ - WARNING - Série contém 167 valores faltantes - preenchendo com interpolação linear
2025-04-22 19:41:41,304 - __main__ - ERROR - Erro na função decompor_serie: Erro na decomposição sazonal: This function does not handle missing values
Traceback (most recent call last):
  File "C:\Users\carlo\PycharmProjects\dashing\main.py", line 232, in decompor_serie
    decomposition = seasonal_decompose(serie, model='additive', period=period)
  File "C:\Users\carlo\AppData\Local\Packages\PythonSoftwareFoundation.Python.3.13_qbz5n2kfra8p0\LocalCache\local-packages\Python313\site-packages\statsmodels\tsa\seasonal.py", line 154, in seasonal_decompose
    raise ValueError("This function does not handle missing values")
ValueError: This function does not handle missing values

During handling of the above exception, another exception occurred:

Traceback (most recent call last):
  File "C:\Users\carlo\PycharmProjects\dashing\main.py", line 68, in wrapper
    return func(*args, **kwargs)
  File "C:\Users\carlo\PycharmProjects\dashing\main.py", line 241, in decompor_serie
    raise ValueError(f"Erro na decomposição sazonal: {str(e)}")
ValueError: Erro na decomposição sazonal: This function does not handle missing values
2025-04-22 19:41:42,659 - __main__ - ERROR - Erro na função comparar_periodos: Cada período deve ter pelo menos 3 pontos de dados
Traceback (most recent call last):
  File "C:\Users\carlo\PycharmProjects\dashing\main.py", line 68, in wrapper
    return func(*args, **kwargs)
  File "C:\Users\carlo\PycharmProjects\dashing\main.py", line 283, in comparar_periodos
    raise ValueError("Cada período deve ter pelo menos 3 pontos de dados")
ValueError: Cada período deve ter pelo menos 3 pontos de dados
2025-04-22 19:41:42,795 - __main__ - WARNING - Série contém 167 valores faltantes - preenchendo com interpolação linear
2025-04-22 19:41:42,796 - __main__ - ERROR - Erro na função decompor_serie: Erro na decomposição sazonal: This function does not handle missing values
Traceback (most recent call last):
  File "C:\Users\carlo\PycharmProjects\dashing\main.py", line 232, in decompor_serie
    decomposition = seasonal_decompose(serie, model='additive', period=period)
  File "C:\Users\carlo\AppData\Local\Packages\PythonSoftwareFoundation.Python.3.13_qbz5n2kfra8p0\LocalCache\local-packages\Python313\site-packages\statsmodels\tsa\seasonal.py", line 154, in seasonal_decompose
    raise ValueError("This function does not handle missing values")
ValueError: This function does not handle missing values

During handling of the above exception, another exception occurred:

Traceback (most recent call last):
  File "C:\Users\carlo\PycharmProjects\dashing\main.py", line 68, in wrapper
    return func(*args, **kwargs)
  File "C:\Users\carlo\PycharmProjects\dashing\main.py", line 241, in decompor_serie
    raise ValueError(f"Erro na decomposição sazonal: {str(e)}")
ValueError: Erro na decomposição sazonal: This function does not handle missing values
2025-04-22 19:41:43,002 - __main__ - WARNING - Série contém 167 valores faltantes - preenchendo com interpolação linear
2025-04-22 19:41:43,200 - __main__ - WARNING - Série contém 167 valores faltantes - preenchendo com interpolação linear
2025-04-22 19:41:43,201 - __main__ - ERROR - Erro na análise de estacionaridade: Série não possui variação suficiente para análise (todos valores são iguais)
Traceback (most recent call last):
  File "C:\Users\carlo\PycharmProjects\dashing\main.py", line 1169, in atualizar_analise_estacionaridade
    raise ValueError("Série não possui variação suficiente para análise (todos valores são iguais)")
ValueError: Série não possui variação suficiente para análise (todos valores são iguais)
2025-04-22 19:41:43,278 - __main__ - ERROR - Erro na função analisar_clusters: Número de crimes (1) menor que número de clusters (3)
Traceback (most recent call last):
  File "C:\Users\carlo\PycharmProjects\dashing\main.py", line 68, in wrapper
    return func(*args, **kwargs)
  File "C:\Users\carlo\PycharmProjects\dashing\main.py", line 428, in analisar_clusters
    raise ValueError(f"Número de crimes ({len(crimes_pivot)}) menor que número de clusters ({n_clusters})")
ValueError: Número de crimes (1) menor que número de clusters (3)
2025-04-22 19:41:43,285 - __main__ - ERROR - Erro na análise de clusters: Número de crimes (1) menor que número de clusters (3)
Traceback (most recent call last):
  File "C:\Users\carlo\PycharmProjects\dashing\main.py", line 1408, in atualizar_clusters
    raise ValueError(resultados['error'])
ValueError: Número de crimes (1) menor que número de clusters (3)
2025-04-22 19:41:48,370 - __main__ - WARNING - Série contém 275 valores faltantes - preenchendo com interpolação linear
2025-04-22 19:41:48,426 - __main__ - WARNING - Série contém 275 valores faltantes - preenchendo com interpolação linear
2025-04-22 19:41:48,429 - __main__ - ERROR - Erro na função decompor_serie: Erro na decomposição sazonal: This function does not handle missing values
Traceback (most recent call last):
  File "C:\Users\carlo\PycharmProjects\dashing\main.py", line 232, in decompor_serie
    decomposition = seasonal_decompose(serie, model='additive', period=period)
  File "C:\Users\carlo\AppData\Local\Packages\PythonSoftwareFoundation.Python.3.13_qbz5n2kfra8p0\LocalCache\local-packages\Python313\site-packages\statsmodels\tsa\seasonal.py", line 154, in seasonal_decompose
    raise ValueError("This function does not handle missing values")
ValueError: This function does not handle missing values

During handling of the above exception, another exception occurred:

Traceback (most recent call last):
  File "C:\Users\carlo\PycharmProjects\dashing\main.py", line 68, in wrapper
    return func(*args, **kwargs)
  File "C:\Users\carlo\PycharmProjects\dashing\main.py", line 241, in decompor_serie
    raise ValueError(f"Erro na decomposição sazonal: {str(e)}")
ValueError: Erro na decomposição sazonal: This function does not handle missing values
2025-04-22 19:41:48,613 - __main__ - WARNING - Série contém 275 valores faltantes - preenchendo com interpolação linear
2025-04-22 19:41:48,817 - __main__ - ERROR - Erro na análise de estacionaridade: Série não possui variação suficiente para análise (todos valores são iguais)
Traceback (most recent call last):
  File "C:\Users\carlo\PycharmProjects\dashing\main.py", line 1169, in atualizar_analise_estacionaridade
    raise ValueError("Série não possui variação suficiente para análise (todos valores são iguais)")
ValueError: Série não possui variação suficiente para análise (todos valores são iguais)
2025-04-22 19:41:48,944 - __main__ - ERROR - Erro na função analisar_clusters: Número de crimes (1) menor que número de clusters (3)
Traceback (most recent call last):
  File "C:\Users\carlo\PycharmProjects\dashing\main.py", line 68, in wrapper
    return func(*args, **kwargs)
  File "C:\Users\carlo\PycharmProjects\dashing\main.py", line 428, in analisar_clusters
    raise ValueError(f"Número de crimes ({len(crimes_pivot)}) menor que número de clusters ({n_clusters})")
ValueError: Número de crimes (1) menor que número de clusters (3)
2025-04-22 19:41:48,948 - __main__ - ERROR - Erro na análise de clusters: Número de crimes (1) menor que número de clusters (3)
Traceback (most recent call last):
  File "C:\Users\carlo\PycharmProjects\dashing\main.py", line 1408, in atualizar_clusters
    raise ValueError(resultados['error'])
ValueError: Número de crimes (1) menor que número de clusters (3)
2025-04-22 19:46:25,671 - __main__ - WARNING - Coluna MARÇO não encontrada no ano 2001
2025-04-22 19:46:25,762 - __main__ - WARNING - Coluna MARÇO não encontrada no ano 2002
2025-04-22 19:46:25,828 - __main__ - WARNING - Coluna MARÇO não encontrada no ano 2003
2025-04-22 19:46:25,924 - __main__ - WARNING - Coluna MARÇO não encontrada no ano 2004
2025-04-22 19:46:26,005 - __main__ - WARNING - Coluna MARÇO não encontrada no ano 2005
2025-04-22 19:46:26,116 - __main__ - WARNING - Coluna MARÇO não encontrada no ano 2006
2025-04-22 19:46:26,193 - __main__ - WARNING - Coluna MARÇO não encontrada no ano 2007
2025-04-22 19:46:26,345 - __main__ - WARNING - Coluna MARÇO não encontrada no ano 2008
2025-04-22 19:46:26,434 - __main__ - WARNING - Coluna MARÇO não encontrada no ano 2009
2025-04-22 19:46:26,530 - __main__ - WARNING - Coluna MARÇO não encontrada no ano 2010
2025-04-22 19:46:26,623 - __main__ - WARNING - Coluna MARÇO não encontrada no ano 2011
2025-04-22 19:46:26,722 - __main__ - WARNING - Coluna MARÇO não encontrada no ano 2012
2025-04-22 19:46:26,806 - __main__ - WARNING - Coluna MARÇO não encontrada no ano 2013
2025-04-22 19:46:26,882 - __main__ - WARNING - Coluna MARÇO não encontrada no ano 2014
2025-04-22 19:46:26,971 - __main__ - WARNING - Coluna MARÇO não encontrada no ano 2015
2025-04-22 19:46:27,058 - __main__ - WARNING - Coluna MARÇO não encontrada no ano 2016
2025-04-22 19:46:27,255 - __main__ - WARNING - Coluna MARÇO não encontrada no ano 2017
2025-04-22 19:46:27,376 - __main__ - WARNING - Coluna MARÇO não encontrada no ano 2018
2025-04-22 19:46:27,516 - __main__ - WARNING - Coluna MARÇO não encontrada no ano 2019
2025-04-22 19:46:27,675 - __main__ - WARNING - Coluna MARÇO não encontrada no ano 2020
2025-04-22 19:46:27,767 - __main__ - WARNING - Coluna MARÇO não encontrada no ano 2021
2025-04-22 19:46:27,849 - __main__ - WARNING - Coluna MARÇO não encontrada no ano 2022
2025-04-22 19:46:27,939 - __main__ - WARNING - Coluna MARÇO não encontrada no ano 2023
2025-04-22 19:46:27,968 - __main__ - INFO - Dados carregados com sucesso. Total de registros: 5213
2025-04-22 19:46:27,968 - __main__ - INFO - Anos com problemas: Nenhum
2025-04-22 19:46:27,968 - __main__ - INFO - Função load_and_process_data executada em 2.56 segundos
2025-04-22 19:46:27,989 - dash.dash - INFO - Dash is running on http://127.0.0.1:8050/

2025-04-22 19:46:33,188 - __main__ - WARNING - Coluna MARÇO não encontrada no ano 2001
2025-04-22 19:46:33,309 - __main__ - WARNING - Coluna MARÇO não encontrada no ano 2002
2025-04-22 19:46:33,394 - __main__ - WARNING - Coluna MARÇO não encontrada no ano 2003
2025-04-22 19:46:33,500 - __main__ - WARNING - Coluna MARÇO não encontrada no ano 2004
2025-04-22 19:46:33,593 - __main__ - WARNING - Coluna MARÇO não encontrada no ano 2005
2025-04-22 19:46:33,768 - __main__ - WARNING - Coluna MARÇO não encontrada no ano 2006
2025-04-22 19:46:33,865 - __main__ - WARNING - Coluna MARÇO não encontrada no ano 2007
2025-04-22 19:46:34,064 - __main__ - WARNING - Coluna MARÇO não encontrada no ano 2008
2025-04-22 19:46:34,149 - __main__ - WARNING - Coluna MARÇO não encontrada no ano 2009
2025-04-22 19:46:34,271 - __main__ - WARNING - Coluna MARÇO não encontrada no ano 2010
2025-04-22 19:46:34,398 - __main__ - WARNING - Coluna MARÇO não encontrada no ano 2011
2025-04-22 19:46:34,536 - __main__ - WARNING - Coluna MARÇO não encontrada no ano 2012
2025-04-22 19:46:34,661 - __main__ - WARNING - Coluna MARÇO não encontrada no ano 2013
2025-04-22 19:46:34,776 - __main__ - WARNING - Coluna MARÇO não encontrada no ano 2014
2025-04-22 19:46:34,873 - __main__ - WARNING - Coluna MARÇO não encontrada no ano 2015
2025-04-22 19:46:35,062 - __main__ - WARNING - Coluna MARÇO não encontrada no ano 2016
2025-04-22 19:46:35,271 - __main__ - WARNING - Coluna MARÇO não encontrada no ano 2017
2025-04-22 19:46:35,469 - __main__ - WARNING - Coluna MARÇO não encontrada no ano 2018
2025-04-22 19:46:35,655 - __main__ - WARNING - Coluna MARÇO não encontrada no ano 2019
2025-04-22 19:46:35,730 - __main__ - WARNING - Coluna MARÇO não encontrada no ano 2020
2025-04-22 19:46:35,807 - __main__ - WARNING - Coluna MARÇO não encontrada no ano 2021
2025-04-22 19:46:35,910 - __main__ - WARNING - Coluna MARÇO não encontrada no ano 2022
2025-04-22 19:46:36,007 - __main__ - WARNING - Coluna MARÇO não encontrada no ano 2023
2025-04-22 19:46:36,024 - __main__ - INFO - Dados carregados com sucesso. Total de registros: 5213
2025-04-22 19:46:36,025 - __main__ - INFO - Anos com problemas: Nenhum
2025-04-22 19:46:36,025 - __main__ - INFO - Função load_and_process_data executada em 3.23 segundos
2025-04-22 19:46:38,442 - __main__ - ERROR - Erro na função comparar_periodos: Cada período deve ter pelo menos 3 pontos de dados
Traceback (most recent call last):
  File "C:\Users\carlo\PycharmProjects\dashing\main.py", line 68, in wrapper
    return func(*args, **kwargs)
  File "C:\Users\carlo\PycharmProjects\dashing\main.py", line 283, in comparar_periodos
    raise ValueError("Cada período deve ter pelo menos 3 pontos de dados")
ValueError: Cada período deve ter pelo menos 3 pontos de dados
2025-04-22 19:46:38,472 - __main__ - WARNING - Série contém 167 valores faltantes - preenchendo com interpolação linear
2025-04-22 19:46:38,479 - __main__ - WARNING - Série contém 167 valores faltantes - preenchendo com interpolação linear
2025-04-22 19:46:38,490 - __main__ - ERROR - Erro na análise de estacionaridade: Série não possui variação suficiente para análise (todos valores são iguais)
Traceback (most recent call last):
  File "C:\Users\carlo\PycharmProjects\dashing\main.py", line 1186, in atualizar_analise_estacionaridade
    raise ValueError("Série não possui variação suficiente para análise (todos valores são iguais)")
ValueError: Série não possui variação suficiente para análise (todos valores são iguais)
2025-04-22 19:46:38,610 - __main__ - ERROR - Erro na função analisar_clusters: Número de crimes (1) menor que número de clusters (3)
Traceback (most recent call last):
  File "C:\Users\carlo\PycharmProjects\dashing\main.py", line 68, in wrapper
    return func(*args, **kwargs)
  File "C:\Users\carlo\PycharmProjects\dashing\main.py", line 445, in analisar_clusters
    raise ValueError(f"Número de crimes ({len(crimes_pivot)}) menor que número de clusters ({n_clusters})")
ValueError: Número de crimes (1) menor que número de clusters (3)
2025-04-22 19:46:38,612 - __main__ - ERROR - Erro na análise de clusters: Número de crimes (1) menor que número de clusters (3)
Traceback (most recent call last):
  File "C:\Users\carlo\PycharmProjects\dashing\main.py", line 1425, in atualizar_clusters
    raise ValueError(resultados['error'])
ValueError: Número de crimes (1) menor que número de clusters (3)
2025-04-22 19:46:39,963 - __main__ - WARNING - Série contém 167 valores faltantes - preenchendo com interpolação linear
2025-04-22 19:46:39,967 - __main__ - ERROR - Erro na função decompor_serie: Erro na decomposição sazonal: This function does not handle missing values
Traceback (most recent call last):
  File "C:\Users\carlo\PycharmProjects\dashing\main.py", line 232, in decompor_serie
    decomposition = seasonal_decompose(serie, model='additive', period=period)
  File "C:\Users\carlo\AppData\Local\Packages\PythonSoftwareFoundation.Python.3.13_qbz5n2kfra8p0\LocalCache\local-packages\Python313\site-packages\statsmodels\tsa\seasonal.py", line 154, in seasonal_decompose
    raise ValueError("This function does not handle missing values")
ValueError: This function does not handle missing values

During handling of the above exception, another exception occurred:

Traceback (most recent call last):
  File "C:\Users\carlo\PycharmProjects\dashing\main.py", line 68, in wrapper
    return func(*args, **kwargs)
  File "C:\Users\carlo\PycharmProjects\dashing\main.py", line 241, in decompor_serie
    raise ValueError(f"Erro na decomposição sazonal: {str(e)}")
ValueError: Erro na decomposição sazonal: This function does not handle missing values
2025-04-22 19:46:41,679 - __main__ - ERROR - Erro na função comparar_periodos: Cada período deve ter pelo menos 3 pontos de dados
Traceback (most recent call last):
  File "C:\Users\carlo\PycharmProjects\dashing\main.py", line 68, in wrapper
    return func(*args, **kwargs)
  File "C:\Users\carlo\PycharmProjects\dashing\main.py", line 283, in comparar_periodos
    raise ValueError("Cada período deve ter pelo menos 3 pontos de dados")
ValueError: Cada período deve ter pelo menos 3 pontos de dados
2025-04-22 19:46:41,815 - __main__ - WARNING - Série contém 167 valores faltantes - preenchendo com interpolação linear
2025-04-22 19:46:41,887 - __main__ - ERROR - Erro na análise de estacionaridade: Série não possui variação suficiente para análise (todos valores são iguais)
Traceback (most recent call last):
  File "C:\Users\carlo\PycharmProjects\dashing\main.py", line 1186, in atualizar_analise_estacionaridade
    raise ValueError("Série não possui variação suficiente para análise (todos valores são iguais)")
ValueError: Série não possui variação suficiente para análise (todos valores são iguais)
2025-04-22 19:46:41,973 - __main__ - WARNING - Série contém 167 valores faltantes - preenchendo com interpolação linear
2025-04-22 19:46:42,026 - __main__ - ERROR - Erro na função decompor_serie: Erro na decomposição sazonal: This function does not handle missing values
Traceback (most recent call last):
  File "C:\Users\carlo\PycharmProjects\dashing\main.py", line 232, in decompor_serie
    decomposition = seasonal_decompose(serie, model='additive', period=period)
  File "C:\Users\carlo\AppData\Local\Packages\PythonSoftwareFoundation.Python.3.13_qbz5n2kfra8p0\LocalCache\local-packages\Python313\site-packages\statsmodels\tsa\seasonal.py", line 154, in seasonal_decompose
    raise ValueError("This function does not handle missing values")
ValueError: This function does not handle missing values

During handling of the above exception, another exception occurred:

Traceback (most recent call last):
  File "C:\Users\carlo\PycharmProjects\dashing\main.py", line 68, in wrapper
    return func(*args, **kwargs)
  File "C:\Users\carlo\PycharmProjects\dashing\main.py", line 241, in decompor_serie
    raise ValueError(f"Erro na decomposição sazonal: {str(e)}")
ValueError: Erro na decomposição sazonal: This function does not handle missing values
2025-04-22 19:46:42,050 - __main__ - WARNING - Série contém 167 valores faltantes - preenchendo com interpolação linear
2025-04-22 19:46:42,092 - __main__ - ERROR - Erro na função analisar_clusters: Número de crimes (1) menor que número de clusters (3)
Traceback (most recent call last):
  File "C:\Users\carlo\PycharmProjects\dashing\main.py", line 68, in wrapper
    return func(*args, **kwargs)
  File "C:\Users\carlo\PycharmProjects\dashing\main.py", line 445, in analisar_clusters
    raise ValueError(f"Número de crimes ({len(crimes_pivot)}) menor que número de clusters ({n_clusters})")
ValueError: Número de crimes (1) menor que número de clusters (3)
2025-04-22 19:46:42,164 - __main__ - ERROR - Erro na análise de clusters: Número de crimes (1) menor que número de clusters (3)
Traceback (most recent call last):
  File "C:\Users\carlo\PycharmProjects\dashing\main.py", line 1425, in atualizar_clusters
    raise ValueError(resultados['error'])
ValueError: Número de crimes (1) menor que número de clusters (3)
2025-04-22 19:46:52,176 - __main__ - ERROR - Erro na função comparar_periodos: Cada período deve ter pelo menos 3 pontos de dados
Traceback (most recent call last):
  File "C:\Users\carlo\PycharmProjects\dashing\main.py", line 68, in wrapper
    return func(*args, **kwargs)
  File "C:\Users\carlo\PycharmProjects\dashing\main.py", line 283, in comparar_periodos
    raise ValueError("Cada período deve ter pelo menos 3 pontos de dados")
ValueError: Cada período deve ter pelo menos 3 pontos de dados
2025-04-22 19:46:52,217 - __main__ - WARNING - Série contém 167 valores faltantes - preenchendo com interpolação linear
2025-04-22 19:46:52,250 - __main__ - ERROR - Erro na função decompor_serie: Erro na decomposição sazonal: This function does not handle missing values
Traceback (most recent call last):
  File "C:\Users\carlo\PycharmProjects\dashing\main.py", line 232, in decompor_serie
    decomposition = seasonal_decompose(serie, model='additive', period=period)
  File "C:\Users\carlo\AppData\Local\Packages\PythonSoftwareFoundation.Python.3.13_qbz5n2kfra8p0\LocalCache\local-packages\Python313\site-packages\statsmodels\tsa\seasonal.py", line 154, in seasonal_decompose
    raise ValueError("This function does not handle missing values")
ValueError: This function does not handle missing values

During handling of the above exception, another exception occurred:

Traceback (most recent call last):
  File "C:\Users\carlo\PycharmProjects\dashing\main.py", line 68, in wrapper
    return func(*args, **kwargs)
  File "C:\Users\carlo\PycharmProjects\dashing\main.py", line 241, in decompor_serie
    raise ValueError(f"Erro na decomposição sazonal: {str(e)}")
ValueError: Erro na decomposição sazonal: This function does not handle missing values
2025-04-22 19:46:52,296 - __main__ - WARNING - Série contém 167 valores faltantes - preenchendo com interpolação linear
2025-04-22 19:46:52,355 - __main__ - WARNING - Série contém 167 valores faltantes - preenchendo com interpolação linear
2025-04-22 19:46:52,363 - __main__ - ERROR - Erro na análise de estacionaridade: Série não possui variação suficiente para análise (todos valores são iguais)
Traceback (most recent call last):
  File "C:\Users\carlo\PycharmProjects\dashing\main.py", line 1186, in atualizar_analise_estacionaridade
    raise ValueError("Série não possui variação suficiente para análise (todos valores são iguais)")
ValueError: Série não possui variação suficiente para análise (todos valores são iguais)
2025-04-22 19:46:52,376 - __main__ - ERROR - Erro na função analisar_clusters: Número de crimes (1) menor que número de clusters (3)
Traceback (most recent call last):
  File "C:\Users\carlo\PycharmProjects\dashing\main.py", line 68, in wrapper
    return func(*args, **kwargs)
  File "C:\Users\carlo\PycharmProjects\dashing\main.py", line 445, in analisar_clusters
    raise ValueError(f"Número de crimes ({len(crimes_pivot)}) menor que número de clusters ({n_clusters})")
ValueError: Número de crimes (1) menor que número de clusters (3)
2025-04-22 19:46:52,381 - __main__ - ERROR - Erro na análise de clusters: Número de crimes (1) menor que número de clusters (3)
Traceback (most recent call last):
  File "C:\Users\carlo\PycharmProjects\dashing\main.py", line 1425, in atualizar_clusters
    raise ValueError(resultados['error'])
ValueError: Número de crimes (1) menor que número de clusters (3)
2025-04-22 19:49:10,996 - __main__ - WARNING - Série contém 275 valores faltantes - preenchendo com interpolação linear
2025-04-22 19:49:11,041 - __main__ - ERROR - Erro na função decompor_serie: Erro na decomposição sazonal: This function does not handle missing values
Traceback (most recent call last):
  File "C:\Users\carlo\PycharmProjects\dashing\main.py", line 232, in decompor_serie
    decomposition = seasonal_decompose(serie, model='additive', period=period)
  File "C:\Users\carlo\AppData\Local\Packages\PythonSoftwareFoundation.Python.3.13_qbz5n2kfra8p0\LocalCache\local-packages\Python313\site-packages\statsmodels\tsa\seasonal.py", line 154, in seasonal_decompose
    raise ValueError("This function does not handle missing values")
ValueError: This function does not handle missing values

During handling of the above exception, another exception occurred:

Traceback (most recent call last):
  File "C:\Users\carlo\PycharmProjects\dashing\main.py", line 68, in wrapper
    return func(*args, **kwargs)
  File "C:\Users\carlo\PycharmProjects\dashing\main.py", line 241, in decompor_serie
    raise ValueError(f"Erro na decomposição sazonal: {str(e)}")
ValueError: Erro na decomposição sazonal: This function does not handle missing values
2025-04-22 19:49:11,065 - __main__ - WARNING - Série contém 275 valores faltantes - preenchendo com interpolação linear
2025-04-22 19:49:11,112 - __main__ - WARNING - Série contém 275 valores faltantes - preenchendo com interpolação linear
2025-04-22 19:49:11,124 - __main__ - ERROR - Erro na análise de estacionaridade: Série não possui variação suficiente para análise (todos valores são iguais)
Traceback (most recent call last):
  File "C:\Users\carlo\PycharmProjects\dashing\main.py", line 1186, in atualizar_analise_estacionaridade
    raise ValueError("Série não possui variação suficiente para análise (todos valores são iguais)")
ValueError: Série não possui variação suficiente para análise (todos valores são iguais)
2025-04-22 19:49:11,352 - __main__ - ERROR - Erro na função analisar_clusters: Número de crimes (1) menor que número de clusters (3)
Traceback (most recent call last):
  File "C:\Users\carlo\PycharmProjects\dashing\main.py", line 68, in wrapper
    return func(*args, **kwargs)
  File "C:\Users\carlo\PycharmProjects\dashing\main.py", line 445, in analisar_clusters
    raise ValueError(f"Número de crimes ({len(crimes_pivot)}) menor que número de clusters ({n_clusters})")
ValueError: Número de crimes (1) menor que número de clusters (3)
2025-04-22 19:49:11,377 - __main__ - ERROR - Erro na análise de clusters: Número de crimes (1) menor que número de clusters (3)
Traceback (most recent call last):
  File "C:\Users\carlo\PycharmProjects\dashing\main.py", line 1425, in atualizar_clusters
    raise ValueError(resultados['error'])
ValueError: Número de crimes (1) menor que número de clusters (3)
2025-04-22 19:57:37,244 - __main__ - WARNING - Coluna MARÇO não encontrada no ano 2001
2025-04-22 19:57:37,316 - __main__ - WARNING - Coluna MARÇO não encontrada no ano 2002
2025-04-22 19:57:37,381 - __main__ - WARNING - Coluna MARÇO não encontrada no ano 2003
2025-04-22 19:57:37,444 - __main__ - WARNING - Coluna MARÇO não encontrada no ano 2004
2025-04-22 19:57:37,516 - __main__ - WARNING - Coluna MARÇO não encontrada no ano 2005
2025-04-22 19:57:37,592 - __main__ - WARNING - Coluna MARÇO não encontrada no ano 2006
2025-04-22 19:57:37,660 - __main__ - WARNING - Coluna MARÇO não encontrada no ano 2007
2025-04-22 19:57:37,812 - __main__ - WARNING - Coluna MARÇO não encontrada no ano 2008
2025-04-22 19:57:37,881 - __main__ - WARNING - Coluna MARÇO não encontrada no ano 2009
2025-04-22 19:57:37,946 - __main__ - WARNING - Coluna MARÇO não encontrada no ano 2010
2025-04-22 19:57:38,010 - __main__ - WARNING - Coluna MARÇO não encontrada no ano 2011
2025-04-22 19:57:38,099 - __main__ - WARNING - Coluna MARÇO não encontrada no ano 2012
2025-04-22 19:57:38,165 - __main__ - WARNING - Coluna MARÇO não encontrada no ano 2013
2025-04-22 19:57:38,235 - __main__ - WARNING - Coluna MARÇO não encontrada no ano 2014
2025-04-22 19:57:38,304 - __main__ - WARNING - Coluna MARÇO não encontrada no ano 2015
2025-04-22 19:57:38,396 - __main__ - WARNING - Coluna MARÇO não encontrada no ano 2016
2025-04-22 19:57:38,465 - __main__ - WARNING - Coluna MARÇO não encontrada no ano 2017
2025-04-22 19:57:38,536 - __main__ - WARNING - Coluna MARÇO não encontrada no ano 2018
2025-04-22 19:57:38,655 - __main__ - WARNING - Coluna MARÇO não encontrada no ano 2019
2025-04-22 19:57:38,734 - __main__ - WARNING - Coluna MARÇO não encontrada no ano 2020
2025-04-22 19:57:38,803 - __main__ - WARNING - Coluna MARÇO não encontrada no ano 2021
2025-04-22 19:57:38,879 - __main__ - WARNING - Coluna MARÇO não encontrada no ano 2022
2025-04-22 19:57:38,951 - __main__ - WARNING - Coluna MARÇO não encontrada no ano 2023
2025-04-22 19:57:38,965 - __main__ - INFO - Dados carregados com sucesso. Total de registros: 5213
2025-04-22 19:57:38,965 - __main__ - INFO - Anos com problemas: Nenhum
2025-04-22 19:57:38,966 - __main__ - INFO - Função load_and_process_data executada em 1.94 segundos
2025-04-22 19:57:38,972 - dash.dash - INFO - Dash is running on http://127.0.0.1:8050/

2025-04-22 19:57:42,147 - __main__ - WARNING - Coluna MARÇO não encontrada no ano 2001
2025-04-22 19:57:42,236 - __main__ - WARNING - Coluna MARÇO não encontrada no ano 2002
2025-04-22 19:57:42,340 - __main__ - WARNING - Coluna MARÇO não encontrada no ano 2003
2025-04-22 19:57:42,474 - __main__ - WARNING - Coluna MARÇO não encontrada no ano 2004
2025-04-22 19:57:42,603 - __main__ - WARNING - Coluna MARÇO não encontrada no ano 2005
2025-04-22 19:57:42,744 - __main__ - WARNING - Coluna MARÇO não encontrada no ano 2006
2025-04-22 19:57:42,895 - __main__ - WARNING - Coluna MARÇO não encontrada no ano 2007
2025-04-22 19:57:43,117 - __main__ - WARNING - Coluna MARÇO não encontrada no ano 2008
2025-04-22 19:57:43,205 - __main__ - WARNING - Coluna MARÇO não encontrada no ano 2009
2025-04-22 19:57:43,295 - __main__ - WARNING - Coluna MARÇO não encontrada no ano 2010
2025-04-22 19:57:43,397 - __main__ - WARNING - Coluna MARÇO não encontrada no ano 2011
2025-04-22 19:57:43,466 - __main__ - WARNING - Coluna MARÇO não encontrada no ano 2012
2025-04-22 19:57:43,533 - __main__ - WARNING - Coluna MARÇO não encontrada no ano 2013
2025-04-22 19:57:43,598 - __main__ - WARNING - Coluna MARÇO não encontrada no ano 2014
2025-04-22 19:57:43,719 - __main__ - WARNING - Coluna MARÇO não encontrada no ano 2015
2025-04-22 19:57:43,830 - __main__ - WARNING - Coluna MARÇO não encontrada no ano 2016
2025-04-22 19:57:43,901 - __main__ - WARNING - Coluna MARÇO não encontrada no ano 2017
2025-04-22 19:57:43,978 - __main__ - WARNING - Coluna MARÇO não encontrada no ano 2018
2025-04-22 19:57:44,051 - __main__ - WARNING - Coluna MARÇO não encontrada no ano 2019
2025-04-22 19:57:44,138 - __main__ - WARNING - Coluna MARÇO não encontrada no ano 2020
2025-04-22 19:57:44,267 - __main__ - WARNING - Coluna MARÇO não encontrada no ano 2021
2025-04-22 19:57:44,368 - __main__ - WARNING - Coluna MARÇO não encontrada no ano 2022
2025-04-22 19:57:44,444 - __main__ - WARNING - Coluna MARÇO não encontrada no ano 2023
2025-04-22 19:57:44,469 - __main__ - INFO - Dados carregados com sucesso. Total de registros: 5213
2025-04-22 19:57:44,469 - __main__ - INFO - Anos com problemas: Nenhum
2025-04-22 19:57:44,470 - __main__ - INFO - Função load_and_process_data executada em 2.52 segundos
2025-04-22 19:57:46,456 - __main__ - ERROR - Erro na função comparar_periodos: Cada período deve ter pelo menos 3 pontos de dados
Traceback (most recent call last):
  File "C:\Users\carlo\PycharmProjects\dashing\main.py", line 68, in wrapper
    return func(*args, **kwargs)
  File "C:\Users\carlo\PycharmProjects\dashing\main.py", line 283, in comparar_periodos
    raise ValueError("Cada período deve ter pelo menos 3 pontos de dados")
ValueError: Cada período deve ter pelo menos 3 pontos de dados
2025-04-22 19:57:46,481 - __main__ - WARNING - Série contém 167 valores faltantes - preenchendo com interpolação linear
2025-04-22 19:57:46,496 - __main__ - WARNING - Série contém 167 valores faltantes - preenchendo com interpolação linear
2025-04-22 19:57:46,497 - __main__ - ERROR - Erro na análise de estacionaridade: Série não possui variação suficiente para análise (todos valores são iguais)
Traceback (most recent call last):
  File "C:\Users\carlo\PycharmProjects\dashing\main.py", line 1186, in atualizar_analise_estacionaridade
    raise ValueError("Série não possui variação suficiente para análise (todos valores são iguais)")
ValueError: Série não possui variação suficiente para análise (todos valores são iguais)
2025-04-22 19:57:46,597 - __main__ - ERROR - Erro na função analisar_clusters: Número de crimes (1) menor que número de clusters (3)
Traceback (most recent call last):
  File "C:\Users\carlo\PycharmProjects\dashing\main.py", line 68, in wrapper
    return func(*args, **kwargs)
  File "C:\Users\carlo\PycharmProjects\dashing\main.py", line 445, in analisar_clusters
    raise ValueError(f"Número de crimes ({len(crimes_pivot)}) menor que número de clusters ({n_clusters})")
ValueError: Número de crimes (1) menor que número de clusters (3)
2025-04-22 19:57:46,598 - __main__ - ERROR - Erro na análise de clusters: Número de crimes (1) menor que número de clusters (3)
Traceback (most recent call last):
  File "C:\Users\carlo\PycharmProjects\dashing\main.py", line 1425, in atualizar_clusters
    raise ValueError(resultados['error'])
ValueError: Número de crimes (1) menor que número de clusters (3)
2025-04-22 19:57:47,574 - __main__ - WARNING - Série contém 167 valores faltantes - preenchendo com interpolação linear
2025-04-22 19:57:47,580 - __main__ - ERROR - Erro na função decompor_serie: Erro na decomposição sazonal: This function does not handle missing values
Traceback (most recent call last):
  File "C:\Users\carlo\PycharmProjects\dashing\main.py", line 232, in decompor_serie
    decomposition = seasonal_decompose(serie, model='additive', period=period)
  File "C:\Users\carlo\AppData\Local\Packages\PythonSoftwareFoundation.Python.3.13_qbz5n2kfra8p0\LocalCache\local-packages\Python313\site-packages\statsmodels\tsa\seasonal.py", line 154, in seasonal_decompose
    raise ValueError("This function does not handle missing values")
ValueError: This function does not handle missing values

During handling of the above exception, another exception occurred:

Traceback (most recent call last):
  File "C:\Users\carlo\PycharmProjects\dashing\main.py", line 68, in wrapper
    return func(*args, **kwargs)
  File "C:\Users\carlo\PycharmProjects\dashing\main.py", line 241, in decompor_serie
    raise ValueError(f"Erro na decomposição sazonal: {str(e)}")
ValueError: Erro na decomposição sazonal: This function does not handle missing values
2025-04-22 19:57:55,227 - __main__ - ERROR - Erro na função comparar_periodos: Cada período deve ter pelo menos 3 pontos de dados
Traceback (most recent call last):
  File "C:\Users\carlo\PycharmProjects\dashing\main.py", line 68, in wrapper
    return func(*args, **kwargs)
  File "C:\Users\carlo\PycharmProjects\dashing\main.py", line 283, in comparar_periodos
    raise ValueError("Cada período deve ter pelo menos 3 pontos de dados")
ValueError: Cada período deve ter pelo menos 3 pontos de dados
2025-04-22 19:57:55,286 - __main__ - WARNING - Série contém 167 valores faltantes - preenchendo com interpolação linear
2025-04-22 19:57:55,287 - __main__ - ERROR - Erro na função decompor_serie: Erro na decomposição sazonal: This function does not handle missing values
Traceback (most recent call last):
  File "C:\Users\carlo\PycharmProjects\dashing\main.py", line 232, in decompor_serie
    decomposition = seasonal_decompose(serie, model='additive', period=period)
  File "C:\Users\carlo\AppData\Local\Packages\PythonSoftwareFoundation.Python.3.13_qbz5n2kfra8p0\LocalCache\local-packages\Python313\site-packages\statsmodels\tsa\seasonal.py", line 154, in seasonal_decompose
    raise ValueError("This function does not handle missing values")
ValueError: This function does not handle missing values

During handling of the above exception, another exception occurred:

Traceback (most recent call last):
  File "C:\Users\carlo\PycharmProjects\dashing\main.py", line 68, in wrapper
    return func(*args, **kwargs)
  File "C:\Users\carlo\PycharmProjects\dashing\main.py", line 241, in decompor_serie
    raise ValueError(f"Erro na decomposição sazonal: {str(e)}")
ValueError: Erro na decomposição sazonal: This function does not handle missing values
2025-04-22 19:57:55,323 - __main__ - WARNING - Série contém 167 valores faltantes - preenchendo com interpolação linear
2025-04-22 19:57:55,364 - __main__ - WARNING - Série contém 167 valores faltantes - preenchendo com interpolação linear
2025-04-22 19:57:55,395 - __main__ - ERROR - Erro na análise de estacionaridade: Série não possui variação suficiente para análise (todos valores são iguais)
Traceback (most recent call last):
  File "C:\Users\carlo\PycharmProjects\dashing\main.py", line 1186, in atualizar_analise_estacionaridade
    raise ValueError("Série não possui variação suficiente para análise (todos valores são iguais)")
ValueError: Série não possui variação suficiente para análise (todos valores são iguais)
2025-04-22 19:57:55,424 - __main__ - ERROR - Erro na função analisar_clusters: Número de crimes (1) menor que número de clusters (3)
Traceback (most recent call last):
  File "C:\Users\carlo\PycharmProjects\dashing\main.py", line 68, in wrapper
    return func(*args, **kwargs)
  File "C:\Users\carlo\PycharmProjects\dashing\main.py", line 445, in analisar_clusters
    raise ValueError(f"Número de crimes ({len(crimes_pivot)}) menor que número de clusters ({n_clusters})")
ValueError: Número de crimes (1) menor que número de clusters (3)
2025-04-22 19:57:55,466 - __main__ - ERROR - Erro na análise de clusters: Número de crimes (1) menor que número de clusters (3)
Traceback (most recent call last):
  File "C:\Users\carlo\PycharmProjects\dashing\main.py", line 1425, in atualizar_clusters
    raise ValueError(resultados['error'])
ValueError: Número de crimes (1) menor que número de clusters (3)
2025-04-22 19:58:15,916 - __main__ - WARNING - Série contém 275 valores faltantes - preenchendo com interpolação linear
2025-04-22 19:58:15,966 - __main__ - WARNING - Série contém 275 valores faltantes - preenchendo com interpolação linear
2025-04-22 19:58:15,977 - __main__ - WARNING - Série contém 275 valores faltantes - preenchendo com interpolação linear
2025-04-22 19:58:16,012 - __main__ - ERROR - Erro na função decompor_serie: Erro na decomposição sazonal: This function does not handle missing values
Traceback (most recent call last):
  File "C:\Users\carlo\PycharmProjects\dashing\main.py", line 232, in decompor_serie
    decomposition = seasonal_decompose(serie, model='additive', period=period)
  File "C:\Users\carlo\AppData\Local\Packages\PythonSoftwareFoundation.Python.3.13_qbz5n2kfra8p0\LocalCache\local-packages\Python313\site-packages\statsmodels\tsa\seasonal.py", line 154, in seasonal_decompose
    raise ValueError("This function does not handle missing values")
ValueError: This function does not handle missing values

During handling of the above exception, another exception occurred:

Traceback (most recent call last):
  File "C:\Users\carlo\PycharmProjects\dashing\main.py", line 68, in wrapper
    return func(*args, **kwargs)
  File "C:\Users\carlo\PycharmProjects\dashing\main.py", line 241, in decompor_serie
    raise ValueError(f"Erro na decomposição sazonal: {str(e)}")
ValueError: Erro na decomposição sazonal: This function does not handle missing values
2025-04-22 19:58:16,024 - __main__ - ERROR - Erro na análise de estacionaridade: Série não possui variação suficiente para análise (todos valores são iguais)
Traceback (most recent call last):
  File "C:\Users\carlo\PycharmProjects\dashing\main.py", line 1186, in atualizar_analise_estacionaridade
    raise ValueError("Série não possui variação suficiente para análise (todos valores são iguais)")
ValueError: Série não possui variação suficiente para análise (todos valores são iguais)
2025-04-22 19:58:16,303 - __main__ - ERROR - Erro na função analisar_clusters: Número de crimes (1) menor que número de clusters (3)
Traceback (most recent call last):
  File "C:\Users\carlo\PycharmProjects\dashing\main.py", line 68, in wrapper
    return func(*args, **kwargs)
  File "C:\Users\carlo\PycharmProjects\dashing\main.py", line 445, in analisar_clusters
    raise ValueError(f"Número de crimes ({len(crimes_pivot)}) menor que número de clusters ({n_clusters})")
ValueError: Número de crimes (1) menor que número de clusters (3)
2025-04-22 19:58:16,341 - __main__ - ERROR - Erro na análise de clusters: Número de crimes (1) menor que número de clusters (3)
Traceback (most recent call last):
  File "C:\Users\carlo\PycharmProjects\dashing\main.py", line 1425, in atualizar_clusters
    raise ValueError(resultados['error'])
ValueError: Número de crimes (1) menor que número de clusters (3)
2025-04-22 20:00:18,855 - __main__ - ERROR - Erro na função comparar_periodos: Cada período deve ter pelo menos 3 pontos de dados
Traceback (most recent call last):
  File "C:\Users\carlo\PycharmProjects\dashing\main.py", line 68, in wrapper
    return func(*args, **kwargs)
  File "C:\Users\carlo\PycharmProjects\dashing\main.py", line 283, in comparar_periodos
    raise ValueError("Cada período deve ter pelo menos 3 pontos de dados")
ValueError: Cada período deve ter pelo menos 3 pontos de dados
2025-04-22 20:00:18,918 - __main__ - WARNING - Série contém 83 valores faltantes - preenchendo com interpolação linear
2025-04-22 20:00:18,926 - __main__ - ERROR - Erro na função decompor_serie: Erro na decomposição sazonal: This function does not handle missing values
Traceback (most recent call last):
  File "C:\Users\carlo\PycharmProjects\dashing\main.py", line 232, in decompor_serie
    decomposition = seasonal_decompose(serie, model='additive', period=period)
  File "C:\Users\carlo\AppData\Local\Packages\PythonSoftwareFoundation.Python.3.13_qbz5n2kfra8p0\LocalCache\local-packages\Python313\site-packages\statsmodels\tsa\seasonal.py", line 154, in seasonal_decompose
    raise ValueError("This function does not handle missing values")
ValueError: This function does not handle missing values

During handling of the above exception, another exception occurred:

Traceback (most recent call last):
  File "C:\Users\carlo\PycharmProjects\dashing\main.py", line 68, in wrapper
    return func(*args, **kwargs)
  File "C:\Users\carlo\PycharmProjects\dashing\main.py", line 241, in decompor_serie
    raise ValueError(f"Erro na decomposição sazonal: {str(e)}")
ValueError: Erro na decomposição sazonal: This function does not handle missing values
2025-04-22 20:00:18,939 - __main__ - WARNING - Série contém 83 valores faltantes - preenchendo com interpolação linear
2025-04-22 20:00:18,940 - __main__ - WARNING - Série contém 83 valores faltantes - preenchendo com interpolação linear
2025-04-22 20:00:19,012 - __main__ - ERROR - Erro na análise de estacionaridade: Série não possui variação suficiente para análise (todos valores são iguais)
Traceback (most recent call last):
  File "C:\Users\carlo\PycharmProjects\dashing\main.py", line 1186, in atualizar_analise_estacionaridade
    raise ValueError("Série não possui variação suficiente para análise (todos valores são iguais)")
ValueError: Série não possui variação suficiente para análise (todos valores são iguais)
2025-04-22 20:00:19,143 - __main__ - ERROR - Erro na função analisar_clusters: Número de crimes (1) menor que número de clusters (3)
Traceback (most recent call last):
  File "C:\Users\carlo\PycharmProjects\dashing\main.py", line 68, in wrapper
    return func(*args, **kwargs)
  File "C:\Users\carlo\PycharmProjects\dashing\main.py", line 445, in analisar_clusters
    raise ValueError(f"Número de crimes ({len(crimes_pivot)}) menor que número de clusters ({n_clusters})")
ValueError: Número de crimes (1) menor que número de clusters (3)
2025-04-22 20:00:19,223 - __main__ - ERROR - Erro na análise de clusters: Número de crimes (1) menor que número de clusters (3)
Traceback (most recent call last):
  File "C:\Users\carlo\PycharmProjects\dashing\main.py", line 1425, in atualizar_clusters
    raise ValueError(resultados['error'])
ValueError: Número de crimes (1) menor que número de clusters (3)
